<?xml version="1.0" encoding="UTF-8"?>
<testsuites name="createMatch" time="28" tests="1" failures="1" errors="0">
   <testsuite name="createMatch" tests="1" failures="1" errors="0" time="28" timestamp="2018-11-22 14:27:03" hostname="ops.02 - NXT-OPS02.nxtgame.local" id="Test Suites/dailyTesting/5.matchCreation/createMatch">
      <properties>
         <property name="deviceName" value=""/>
         <property name="devicePlatform" value=""/>
         <property name="logFolder" value="C:\\Users\\ops.02\\git\\UCF\\Reports\\dailyTesting\\5.matchCreation\\createMatch\\20181122_142700"/>
         <property name="logFiles" value="C:\\Users\\ops.02\\git\\UCF\\Reports\\dailyTesting\\5.matchCreation\\createMatch\\20181122_142700\\execution0.log"/>
         <property name="attachments" value="C:\\Users\\ops.02\\git\\UCF\\Reports\\dailyTesting\\5.matchCreation\\createMatch\\20181122_142700\\1542868049589.png, C:\\Users\\ops.02\\git\\UCF\\Reports\\dailyTesting\\5.matchCreation\\createMatch\\20181122_142700\\1542868049930.png"/>
         <property name="hostName" value="ops.02 - NXT-OPS02.nxtgame.local"/>
         <property name="os" value="Windows 10 64bit"/>
         <property name="katalonVersion" value="5.8.6.1"/>
         <property name="browser" value="Chrome 70.0.3538.102"/>
         <property name="hostAddress" value="172.16.8.115"/>
         <property name="sessionId" value="fe9cec62d777169dd07325df2025bfca"/>
         <property name="seleniumVersion" value="3.7.1"/>
         <property name="proxyInformation" value="ProxyInformation{proxyOption=NO_PROXY, proxyServerType=HTTP, password=, proxyServerAddress=, proxyServerPort=0}"/>
         <property name="platform" value="Windows 10"/>
      </properties>
      <testcase name="Test Cases/dailyTesting/2.login/backofficeLogin" classname="Test Cases/dailyTesting/2.login/backofficeLogin" status="PASSED">
         <system-out><![CDATA[2018-11-22 14:27:03 - [TEST_CASE][PASSED] - Test Cases/dailyTesting/2.login/backofficeLogin: Test Cases/dailyTesting/2.login/backofficeLogin

2018-11-22 14:27:03 - [TEST_STEP][PASSED] - backoffice.openBrowserBackoffice.openbrowserBackoffice: backoffice.openBrowserBackoffice.openbrowserBackoffice is PASSED

2018-11-22 14:27:09 - [MESSAGE][PASSED] - Browser is opened with url: ''

2018-11-22 14:27:10 - [MESSAGE][PASSED] - Current window maximized

2018-11-22 14:27:11 - [MESSAGE][PASSED] - Navigate to 'http://dev-admin.ucf88.com' successfully

2018-11-22 14:27:11 - [MESSAGE][PASSED] - backoffice.openBrowserBackoffice.openbrowserBackoffice is PASSED

2018-11-22 14:27:11 - [TEST_STEP][PASSED] - setText: Text 'arvinadmin' is set on object 'Object Repository/Backoffice/Login/input_Username'

2018-11-22 14:27:11 - [MESSAGE][PASSED] - Text 'arvinadmin' is set on object 'Object Repository/Backoffice/Login/input_Username'

2018-11-22 14:27:11 - [TEST_STEP][PASSED] - setEncryptedText: Text ****** has been set on object 'Object Repository/Backoffice/Login/input_Password'

2018-11-22 14:27:11 - [MESSAGE][PASSED] - Text ****** has been set on object 'Object Repository/Backoffice/Login/input_Password'

2018-11-22 14:27:11 - [TEST_STEP][PASSED] - click: Object: 'Object Repository/Backoffice/Login/button_Login' is clicked on

2018-11-22 14:27:13 - [MESSAGE][PASSED] - Object: 'Object Repository/Backoffice/Login/button_Login' is clicked on

2018-11-22 14:27:13 - [TEST_STEP][PASSED] - waitForElementVisible: Object 'Object Repository/dailyTesting/Backoffice/Dashboard/Page_Dashboard - ucf88/span_arvinadmin' is visible

2018-11-22 14:27:14 - [MESSAGE][PASSED] - Object 'Object Repository/dailyTesting/Backoffice/Dashboard/Page_Dashboard - ucf88/span_arvinadmin' is visible]]></system-out>
         <system-err><![CDATA[]]></system-err>
      </testcase>
      <testcase name="Test Cases/dailyTesting/5.matchCreation/createMatch" classname="Test Cases/dailyTesting/5.matchCreation/createMatch" status="FAILED">
         <failure type="FAILED" message="(Stack trace: com.kms.katalon.core.exception.StepFailedException: Verify element text of test object 'Object Repository/dailyTesting/Backoffice/matchCreation/matchManagement/labelMatchNumber' FAILED. (Root cause: Actual text '2' and expected text '1' of test object 'Object Repository/dailyTesting/Backoffice/matchCreation/matchManagement/labelMatchNumber' are NOT matched.)
	at com.kms.katalon.core.keyword.internal.KeywordMain.stepFailed(KeywordMain.groovy:36)
	at com.kms.katalon.core.webui.keyword.internal.WebUIKeywordMain.stepFailed(WebUIKeywordMain.groovy:65)
	at com.kms.katalon.core.webui.keyword.internal.WebUIKeywordMain.runKeyword(WebUIKeywordMain.groovy:27)
	at com.kms.katalon.core.webui.keyword.builtin.VerifyElementTextKeyword.verifyElementText(VerifyElementTextKeyword.groovy:72)
	at com.kms.katalon.core.webui.keyword.builtin.VerifyElementTextKeyword.execute(VerifyElementTextKeyword.groovy:40)
	at com.kms.katalon.core.keyword.internal.KeywordExecutor.executeKeywordForPlatform(KeywordExecutor.groovy:49)
	at com.kms.katalon.core.webui.keyword.WebUiBuiltInKeywords.verifyElementText(WebUiBuiltInKeywords.groovy:3663)
	at com.kms.katalon.core.webui.keyword.WebUiBuiltInKeywords$verifyElementText$10.call(Unknown Source)
	at org.codehaus.groovy.runtime.callsite.CallSiteArray.defaultCall(CallSiteArray.java:48)
	at org.codehaus.groovy.runtime.callsite.AbstractCallSite.call(AbstractCallSite.java:113)
	at org.codehaus.groovy.runtime.callsite.AbstractCallSite.call(AbstractCallSite.java:133)
	at Script1542166566185.run(Script1542166566185.groovy:63)
	at com.kms.katalon.core.main.ScriptEngine.run(ScriptEngine.java:183)
	at com.kms.katalon.core.main.ScriptEngine.runScriptAsRawText(ScriptEngine.java:108)
	at com.kms.katalon.core.main.TestCaseExecutor.runScript(TestCaseExecutor.java:294)
	at com.kms.katalon.core.main.TestCaseExecutor.doExecute(TestCaseExecutor.java:285)
	at com.kms.katalon.core.main.TestCaseExecutor.processExecutionPhase(TestCaseExecutor.java:264)
	at com.kms.katalon.core.main.TestCaseExecutor.accessMainPhase(TestCaseExecutor.java:256)
	at com.kms.katalon.core.main.TestCaseExecutor.execute(TestCaseExecutor.java:200)
	at com.kms.katalon.core.main.TestSuiteExecutor.accessTestCaseMainPhase(TestSuiteExecutor.java:129)
	at com.kms.katalon.core.main.TestSuiteExecutor.accessTestSuiteMainPhase(TestSuiteExecutor.java:112)
	at com.kms.katalon.core.main.TestSuiteExecutor.execute(TestSuiteExecutor.java:81)
	at com.kms.katalon.core.main.TestCaseMain.startTestSuite(TestCaseMain.java:142)
	at com.kms.katalon.core.main.TestCaseMain$startTestSuite$0.call(Unknown Source)
	at org.codehaus.groovy.runtime.callsite.CallSiteArray.defaultCall(CallSiteArray.java:48)
	at org.codehaus.groovy.runtime.callsite.AbstractCallSite.call(AbstractCallSite.java:113)
	at org.codehaus.groovy.runtime.callsite.AbstractCallSite.call(AbstractCallSite.java:141)
	at TempTestSuite1542868020698.run(TempTestSuite1542868020698.groovy:36)
	at groovy.lang.GroovyShell.runScriptOrMainOrTestOrRunnable(GroovyShell.java:263)
	at groovy.lang.GroovyShell.run(GroovyShell.java:518)
	at groovy.lang.GroovyShell.run(GroovyShell.java:507)
	at groovy.ui.GroovyMain.processOnce(GroovyMain.java:653)
	at groovy.ui.GroovyMain.run(GroovyMain.java:384)
	at groovy.ui.GroovyMain.process(GroovyMain.java:370)
	at groovy.ui.GroovyMain.processArgs(GroovyMain.java:129)
	at groovy.ui.GroovyMain.main(GroovyMain.java:109)
	at sun.reflect.NativeMethodAccessorImpl.invoke0(Native Method)
	at sun.reflect.NativeMethodAccessorImpl.invoke(NativeMethodAccessorImpl.java:62)
	at sun.reflect.DelegatingMethodAccessorImpl.invoke(DelegatingMethodAccessorImpl.java:43)
	at java.lang.reflect.Method.invoke(Method.java:498)
	at org.codehaus.groovy.tools.GroovyStarter.rootLoader(GroovyStarter.java:109)
	at org.codehaus.groovy.tools.GroovyStarter.main(GroovyStarter.java:131)
)"/>
         <system-out><![CDATA[2018-11-22 14:27:14 - [TEST_CASE][FAILED] - Test Cases/dailyTesting/5.matchCreation/createMatch: Test Cases/dailyTesting/5.matchCreation/createMatch FAILED because (of) (Stack trace: com.kms.katalon.core.exception.StepFailedException: Verify element text of test object 'Object Repository/dailyTesting/Backoffice/matchCreation/matchManagement/labelMatchNumber' FAILED. (Root cause: Actual text '2' and expected text '1' of test object 'Object Repository/dailyTesting/Backoffice/matchCreation/matchManagement/labelMatchNumber' are NOT matched.)
	at com.kms.katalon.core.keyword.internal.KeywordMain.stepFailed(KeywordMain.groovy:36)
	at com.kms.katalon.core.webui.keyword.internal.WebUIKeywordMain.stepFailed(WebUIKeywordMain.groovy:65)
	at com.kms.katalon.core.webui.keyword.internal.WebUIKeywordMain.runKeyword(WebUIKeywordMain.groovy:27)
	at com.kms.katalon.core.webui.keyword.builtin.VerifyElementTextKeyword.verifyElementText(VerifyElementTextKeyword.groovy:72)
	at com.kms.katalon.core.webui.keyword.builtin.VerifyElementTextKeyword.execute(VerifyElementTextKeyword.groovy:40)
	at com.kms.katalon.core.keyword.internal.KeywordExecutor.executeKeywordForPlatform(KeywordExecutor.groovy:49)
	at com.kms.katalon.core.webui.keyword.WebUiBuiltInKeywords.verifyElementText(WebUiBuiltInKeywords.groovy:3663)
	at com.kms.katalon.core.webui.keyword.WebUiBuiltInKeywords$verifyElementText$10.call(Unknown Source)
	at org.codehaus.groovy.runtime.callsite.CallSiteArray.defaultCall(CallSiteArray.java:48)
	at org.codehaus.groovy.runtime.callsite.AbstractCallSite.call(AbstractCallSite.java:113)
	at org.codehaus.groovy.runtime.callsite.AbstractCallSite.call(AbstractCallSite.java:133)
	at Script1542166566185.run(Script1542166566185.groovy:63)
	at com.kms.katalon.core.main.ScriptEngine.run(ScriptEngine.java:183)
	at com.kms.katalon.core.main.ScriptEngine.runScriptAsRawText(ScriptEngine.java:108)
	at com.kms.katalon.core.main.TestCaseExecutor.runScript(TestCaseExecutor.java:294)
	at com.kms.katalon.core.main.TestCaseExecutor.doExecute(TestCaseExecutor.java:285)
	at com.kms.katalon.core.main.TestCaseExecutor.processExecutionPhase(TestCaseExecutor.java:264)
	at com.kms.katalon.core.main.TestCaseExecutor.accessMainPhase(TestCaseExecutor.java:256)
	at com.kms.katalon.core.main.TestCaseExecutor.execute(TestCaseExecutor.java:200)
	at com.kms.katalon.core.main.TestSuiteExecutor.accessTestCaseMainPhase(TestSuiteExecutor.java:129)
	at com.kms.katalon.core.main.TestSuiteExecutor.accessTestSuiteMainPhase(TestSuiteExecutor.java:112)
	at com.kms.katalon.core.main.TestSuiteExecutor.execute(TestSuiteExecutor.java:81)
	at com.kms.katalon.core.main.TestCaseMain.startTestSuite(TestCaseMain.java:142)
	at com.kms.katalon.core.main.TestCaseMain$startTestSuite$0.call(Unknown Source)
	at org.codehaus.groovy.runtime.callsite.CallSiteArray.defaultCall(CallSiteArray.java:48)
	at org.codehaus.groovy.runtime.callsite.AbstractCallSite.call(AbstractCallSite.java:113)
	at org.codehaus.groovy.runtime.callsite.AbstractCallSite.call(AbstractCallSite.java:141)
	at TempTestSuite1542868020698.run(TempTestSuite1542868020698.groovy:36)
	at groovy.lang.GroovyShell.runScriptOrMainOrTestOrRunnable(GroovyShell.java:263)
	at groovy.lang.GroovyShell.run(GroovyShell.java:518)
	at groovy.lang.GroovyShell.run(GroovyShell.java:507)
	at groovy.ui.GroovyMain.processOnce(GroovyMain.java:653)
	at groovy.ui.GroovyMain.run(GroovyMain.java:384)
	at groovy.ui.GroovyMain.process(GroovyMain.java:370)
	at groovy.ui.GroovyMain.processArgs(GroovyMain.java:129)
	at groovy.ui.GroovyMain.main(GroovyMain.java:109)
	at sun.reflect.NativeMethodAccessorImpl.invoke0(Native Method)
	at sun.reflect.NativeMethodAccessorImpl.invoke(NativeMethodAccessorImpl.java:62)
	at sun.reflect.DelegatingMethodAccessorImpl.invoke(DelegatingMethodAccessorImpl.java:43)
	at java.lang.reflect.Method.invoke(Method.java:498)
	at org.codehaus.groovy.tools.GroovyStarter.rootLoader(GroovyStarter.java:109)
	at org.codehaus.groovy.tools.GroovyStarter.main(GroovyStarter.java:131)
)

2018-11-22 14:27:14 - [TEST_STEP][PASSED] - backoffice.bettingMatch.match: backoffice.bettingMatch.match is PASSED

2018-11-22 14:27:14 - [MESSAGE][PASSED] - Object: 'Object Repository/dailyTesting/Backoffice/arenaCreation/Header/bettingHeader' is focused

2018-11-22 14:27:14 - [MESSAGE][PASSED] - Object 'Object Repository/dailyTesting/Backoffice/matchCreation/Header/matchHeader' is present

2018-11-22 14:27:15 - [MESSAGE][PASSED] - Object: 'Object Repository/dailyTesting/Backoffice/matchCreation/Header/matchHeader' is clicked on

2018-11-22 14:27:15 - [MESSAGE][PASSED] - backoffice.bettingMatch.match is PASSED

2018-11-22 14:27:15 - [TEST_STEP][PASSED] - click: Object: 'Object Repository/dailyTesting/Backoffice/matchCreation/matchCreation/buttonCreateMatch' is clicked on

2018-11-22 14:27:15 - [MESSAGE][PASSED] - Object: 'Object Repository/dailyTesting/Backoffice/matchCreation/matchCreation/buttonCreateMatch' is clicked on

2018-11-22 14:27:15 - [TEST_STEP][PASSED] - delay: Delayed 2 second(s)

2018-11-22 14:27:18 - [MESSAGE][PASSED] - Delayed 2 second(s)

2018-11-22 14:27:18 - [TEST_STEP][PASSED] - waitForElementVisible: Object 'Object Repository/dailyTesting/Backoffice/matchCreation/matchCreation/dropdownArenaName' is visible

2018-11-22 14:27:18 - [MESSAGE][PASSED] - Object 'Object Repository/dailyTesting/Backoffice/matchCreation/matchCreation/dropdownArenaName' is visible

2018-11-22 14:27:18 - [TEST_STEP][PASSED] - click: Object: 'Object Repository/dailyTesting/Backoffice/matchCreation/matchCreation/dropdownArenaName' is clicked on

2018-11-22 14:27:18 - [MESSAGE][PASSED] - Object: 'Object Repository/dailyTesting/Backoffice/matchCreation/matchCreation/dropdownArenaName' is clicked on

2018-11-22 14:27:18 - [TEST_STEP][PASSED] - sendKeys: Keys 'DailyTest' sent to object: 'Object Repository/dailyTesting/Backoffice/matchCreation/matchCreation/inputArenaName'

2018-11-22 14:27:18 - [MESSAGE][PASSED] - Keys 'DailyTest' sent to object: 'Object Repository/dailyTesting/Backoffice/matchCreation/matchCreation/inputArenaName'

2018-11-22 14:27:18 - [TEST_STEP][PASSED] - sendKeys: Keys 'ENTER + ' sent to object: 'Object Repository/dailyTesting/Backoffice/matchCreation/matchCreation/inputArenaName'

2018-11-22 14:27:18 - [MESSAGE][PASSED] - Keys 'ENTER + ' sent to object: 'Object Repository/dailyTesting/Backoffice/matchCreation/matchCreation/inputArenaName'

2018-11-22 14:27:18 - [TEST_STEP][PASSED] - delay: Delayed 3 second(s)

2018-11-22 14:27:21 - [MESSAGE][PASSED] - Delayed 3 second(s)

2018-11-22 14:27:21 - [TEST_STEP][PASSED] - sendKeys: Keys 'match2' sent to object: 'Object Repository/dailyTesting/Backoffice/matchCreation/matchCreation/inputMeronName'

2018-11-22 14:27:21 - [MESSAGE][PASSED] - Keys 'match2' sent to object: 'Object Repository/dailyTesting/Backoffice/matchCreation/matchCreation/inputMeronName'

2018-11-22 14:27:21 - [TEST_STEP][PASSED] - sendKeys: Keys 'farmer' sent to object: 'Object Repository/dailyTesting/Backoffice/matchCreation/matchCreation/inputMeronFarm'

2018-11-22 14:27:21 - [MESSAGE][PASSED] - Keys 'farmer' sent to object: 'Object Repository/dailyTesting/Backoffice/matchCreation/matchCreation/inputMeronFarm'

2018-11-22 14:27:21 - [TEST_STEP][PASSED] - sendKeys: Keys 'breeder' sent to object: 'Object Repository/dailyTesting/Backoffice/matchCreation/matchCreation/inputMeronBreed'

2018-11-22 14:27:22 - [MESSAGE][PASSED] - Keys 'breeder' sent to object: 'Object Repository/dailyTesting/Backoffice/matchCreation/matchCreation/inputMeronBreed'

2018-11-22 14:27:22 - [TEST_STEP][PASSED] - sendKeys: Keys '20' sent to object: 'Object Repository/dailyTesting/Backoffice/matchCreation/matchCreation/inputMeronWeight'

2018-11-22 14:27:22 - [MESSAGE][PASSED] - Keys '20' sent to object: 'Object Repository/dailyTesting/Backoffice/matchCreation/matchCreation/inputMeronWeight'

2018-11-22 14:27:22 - [TEST_STEP][PASSED] - sendKeys: Keys 'game2' sent to object: 'Object Repository/dailyTesting/Backoffice/matchCreation/matchCreation/inputWalaName'

2018-11-22 14:27:22 - [MESSAGE][PASSED] - Keys 'game2' sent to object: 'Object Repository/dailyTesting/Backoffice/matchCreation/matchCreation/inputWalaName'

2018-11-22 14:27:22 - [TEST_STEP][PASSED] - sendKeys: Keys 'farm' sent to object: 'Object Repository/dailyTesting/Backoffice/matchCreation/matchCreation/inputWalaFarm'

2018-11-22 14:27:22 - [MESSAGE][PASSED] - Keys 'farm' sent to object: 'Object Repository/dailyTesting/Backoffice/matchCreation/matchCreation/inputWalaFarm'

2018-11-22 14:27:22 - [TEST_STEP][PASSED] - sendKeys: Keys 'breed' sent to object: 'Object Repository/dailyTesting/Backoffice/matchCreation/matchCreation/inputWalaBreed'

2018-11-22 14:27:22 - [MESSAGE][PASSED] - Keys 'breed' sent to object: 'Object Repository/dailyTesting/Backoffice/matchCreation/matchCreation/inputWalaBreed'

2018-11-22 14:27:22 - [TEST_STEP][PASSED] - sendKeys: Keys '12' sent to object: 'Object Repository/dailyTesting/Backoffice/matchCreation/matchCreation/inputWalaWeight'

2018-11-22 14:27:22 - [MESSAGE][PASSED] - Keys '12' sent to object: 'Object Repository/dailyTesting/Backoffice/matchCreation/matchCreation/inputWalaWeight'

2018-11-22 14:27:22 - [TEST_STEP][PASSED] - waitForElementPresent: Object 'Object Repository/dailyTesting/Backoffice/matchCreation/matchCreation/buttonSubmit' is present

2018-11-22 14:27:22 - [MESSAGE][PASSED] - Object 'Object Repository/dailyTesting/Backoffice/matchCreation/matchCreation/buttonSubmit' is present

2018-11-22 14:27:22 - [TEST_STEP][PASSED] - click: Object: 'Object Repository/dailyTesting/Backoffice/matchCreation/matchCreation/buttonSubmit' is clicked on

2018-11-22 14:27:24 - [MESSAGE][PASSED] - Object: 'Object Repository/dailyTesting/Backoffice/matchCreation/matchCreation/buttonSubmit' is clicked on

2018-11-22 14:27:24 - [TEST_STEP][PASSED] - delay: Delayed 3 second(s)

2018-11-22 14:27:27 - [MESSAGE][PASSED] - Delayed 3 second(s)

2018-11-22 14:27:27 - [TEST_STEP][PASSED] - click: Object: 'Object Repository/dailyTesting/Backoffice/matchCreation/matchManagement/span_Select Arena' is clicked on

2018-11-22 14:27:27 - [MESSAGE][PASSED] - Object: 'Object Repository/dailyTesting/Backoffice/matchCreation/matchManagement/span_Select Arena' is clicked on

2018-11-22 14:27:27 - [TEST_STEP][PASSED] - sendKeys: Keys 'DailyTest' sent to object: 'Object Repository/dailyTesting/Backoffice/arenaCreation/arenaManagement/inputArenaName'

2018-11-22 14:27:27 - [MESSAGE][PASSED] - Keys 'DailyTest' sent to object: 'Object Repository/dailyTesting/Backoffice/arenaCreation/arenaManagement/inputArenaName'

2018-11-22 14:27:27 - [TEST_STEP][PASSED] - sendKeys: Keys 'ENTER + ' sent to object: 'Object Repository/dailyTesting/Backoffice/arenaCreation/arenaManagement/inputArenaName'

2018-11-22 14:27:27 - [MESSAGE][PASSED] - Keys 'ENTER + ' sent to object: 'Object Repository/dailyTesting/Backoffice/arenaCreation/arenaManagement/inputArenaName'

2018-11-22 14:27:27 - [TEST_STEP][PASSED] - delay: Delayed 2 second(s)

2018-11-22 14:27:29 - [MESSAGE][PASSED] - Delayed 2 second(s)

2018-11-22 14:27:29 - [TEST_STEP][FAILED] - verifyElementText: Verify element text of test object 'Object Repository/dailyTesting/Backoffice/matchCreation/matchManagement/labelMatchNumber' FAILED. (Root cause: Actual text '2' and expected text '1' of test object 'Object Repository/dailyTesting/Backoffice/matchCreation/matchManagement/labelMatchNumber' are NOT matched.)

2018-11-22 14:27:29 - [MESSAGE][FAILED] - Actual text '2' and expected text '1' of test object 'Object Repository/dailyTesting/Backoffice/matchCreation/matchManagement/labelMatchNumber' are NOT matched.
[[ATTACHMENT|C:\\Users\\ops.02\\git\\UCF\\Reports\\dailyTesting\\5.matchCreation\\createMatch\\20181122_142700\\1542868049589.png]]

2018-11-22 14:27:30 - [MESSAGE][FAILED] - Verify element text of test object 'Object Repository/dailyTesting/Backoffice/matchCreation/matchManagement/labelMatchNumber' FAILED. (Root cause: Actual text '2' and expected text '1' of test object 'Object Repository/dailyTesting/Backoffice/matchCreation/matchManagement/labelMatchNumber' are NOT matched.)
[[ATTACHMENT|C:\\Users\\ops.02\\git\\UCF\\Reports\\dailyTesting\\5.matchCreation\\createMatch\\20181122_142700\\1542868049930.png]]]]></system-out>
         <system-err><![CDATA[2018-11-22 14:27:14 - [TEST_CASE][FAILED] - Test Cases/dailyTesting/5.matchCreation/createMatch: Test Cases/dailyTesting/5.matchCreation/createMatch FAILED because (of) (Stack trace: com.kms.katalon.core.exception.StepFailedException: Verify element text of test object 'Object Repository/dailyTesting/Backoffice/matchCreation/matchManagement/labelMatchNumber' FAILED. (Root cause: Actual text '2' and expected text '1' of test object 'Object Repository/dailyTesting/Backoffice/matchCreation/matchManagement/labelMatchNumber' are NOT matched.)
	at com.kms.katalon.core.keyword.internal.KeywordMain.stepFailed(KeywordMain.groovy:36)
	at com.kms.katalon.core.webui.keyword.internal.WebUIKeywordMain.stepFailed(WebUIKeywordMain.groovy:65)
	at com.kms.katalon.core.webui.keyword.internal.WebUIKeywordMain.runKeyword(WebUIKeywordMain.groovy:27)
	at com.kms.katalon.core.webui.keyword.builtin.VerifyElementTextKeyword.verifyElementText(VerifyElementTextKeyword.groovy:72)
	at com.kms.katalon.core.webui.keyword.builtin.VerifyElementTextKeyword.execute(VerifyElementTextKeyword.groovy:40)
	at com.kms.katalon.core.keyword.internal.KeywordExecutor.executeKeywordForPlatform(KeywordExecutor.groovy:49)
	at com.kms.katalon.core.webui.keyword.WebUiBuiltInKeywords.verifyElementText(WebUiBuiltInKeywords.groovy:3663)
	at com.kms.katalon.core.webui.keyword.WebUiBuiltInKeywords$verifyElementText$10.call(Unknown Source)
	at org.codehaus.groovy.runtime.callsite.CallSiteArray.defaultCall(CallSiteArray.java:48)
	at org.codehaus.groovy.runtime.callsite.AbstractCallSite.call(AbstractCallSite.java:113)
	at org.codehaus.groovy.runtime.callsite.AbstractCallSite.call(AbstractCallSite.java:133)
	at Script1542166566185.run(Script1542166566185.groovy:63)
	at com.kms.katalon.core.main.ScriptEngine.run(ScriptEngine.java:183)
	at com.kms.katalon.core.main.ScriptEngine.runScriptAsRawText(ScriptEngine.java:108)
	at com.kms.katalon.core.main.TestCaseExecutor.runScript(TestCaseExecutor.java:294)
	at com.kms.katalon.core.main.TestCaseExecutor.doExecute(TestCaseExecutor.java:285)
	at com.kms.katalon.core.main.TestCaseExecutor.processExecutionPhase(TestCaseExecutor.java:264)
	at com.kms.katalon.core.main.TestCaseExecutor.accessMainPhase(TestCaseExecutor.java:256)
	at com.kms.katalon.core.main.TestCaseExecutor.execute(TestCaseExecutor.java:200)
	at com.kms.katalon.core.main.TestSuiteExecutor.accessTestCaseMainPhase(TestSuiteExecutor.java:129)
	at com.kms.katalon.core.main.TestSuiteExecutor.accessTestSuiteMainPhase(TestSuiteExecutor.java:112)
	at com.kms.katalon.core.main.TestSuiteExecutor.execute(TestSuiteExecutor.java:81)
	at com.kms.katalon.core.main.TestCaseMain.startTestSuite(TestCaseMain.java:142)
	at com.kms.katalon.core.main.TestCaseMain$startTestSuite$0.call(Unknown Source)
	at org.codehaus.groovy.runtime.callsite.CallSiteArray.defaultCall(CallSiteArray.java:48)
	at org.codehaus.groovy.runtime.callsite.AbstractCallSite.call(AbstractCallSite.java:113)
	at org.codehaus.groovy.runtime.callsite.AbstractCallSite.call(AbstractCallSite.java:141)
	at TempTestSuite1542868020698.run(TempTestSuite1542868020698.groovy:36)
	at groovy.lang.GroovyShell.runScriptOrMainOrTestOrRunnable(GroovyShell.java:263)
	at groovy.lang.GroovyShell.run(GroovyShell.java:518)
	at groovy.lang.GroovyShell.run(GroovyShell.java:507)
	at groovy.ui.GroovyMain.processOnce(GroovyMain.java:653)
	at groovy.ui.GroovyMain.run(GroovyMain.java:384)
	at groovy.ui.GroovyMain.process(GroovyMain.java:370)
	at groovy.ui.GroovyMain.processArgs(GroovyMain.java:129)
	at groovy.ui.GroovyMain.main(GroovyMain.java:109)
	at sun.reflect.NativeMethodAccessorImpl.invoke0(Native Method)
	at sun.reflect.NativeMethodAccessorImpl.invoke(NativeMethodAccessorImpl.java:62)
	at sun.reflect.DelegatingMethodAccessorImpl.invoke(DelegatingMethodAccessorImpl.java:43)
	at java.lang.reflect.Method.invoke(Method.java:498)
	at org.codehaus.groovy.tools.GroovyStarter.rootLoader(GroovyStarter.java:109)
	at org.codehaus.groovy.tools.GroovyStarter.main(GroovyStarter.java:131)
)]]></system-err>
      </testcase>
      <system-out><![CDATA[2018-11-22 14:27:03 - [TEST_SUITE][FAILED] - createMatch: Test Cases/dailyTesting/5.matchCreation/createMatch FAILED because (of) (Stack trace: com.kms.katalon.core.exception.StepFailedException: Verify element text of test object 'Object Repository/dailyTesting/Backoffice/matchCreation/matchManagement/labelMatchNumber' FAILED. (Root cause: Actual text '2' and expected text '1' of test object 'Object Repository/dailyTesting/Backoffice/matchCreation/matchManagement/labelMatchNumber' are NOT matched.)
	at com.kms.katalon.core.keyword.internal.KeywordMain.stepFailed(KeywordMain.groovy:36)
	at com.kms.katalon.core.webui.keyword.internal.WebUIKeywordMain.stepFailed(WebUIKeywordMain.groovy:65)
	at com.kms.katalon.core.webui.keyword.internal.WebUIKeywordMain.runKeyword(WebUIKeywordMain.groovy:27)
	at com.kms.katalon.core.webui.keyword.builtin.VerifyElementTextKeyword.verifyElementText(VerifyElementTextKeyword.groovy:72)
	at com.kms.katalon.core.webui.keyword.builtin.VerifyElementTextKeyword.execute(VerifyElementTextKeyword.groovy:40)
	at com.kms.katalon.core.keyword.internal.KeywordExecutor.executeKeywordForPlatform(KeywordExecutor.groovy:49)
	at com.kms.katalon.core.webui.keyword.WebUiBuiltInKeywords.verifyElementText(WebUiBuiltInKeywords.groovy:3663)
	at com.kms.katalon.core.webui.keyword.WebUiBuiltInKeywords$verifyElementText$10.call(Unknown Source)
	at org.codehaus.groovy.runtime.callsite.CallSiteArray.defaultCall(CallSiteArray.java:48)
	at org.codehaus.groovy.runtime.callsite.AbstractCallSite.call(AbstractCallSite.java:113)
	at org.codehaus.groovy.runtime.callsite.AbstractCallSite.call(AbstractCallSite.java:133)
	at Script1542166566185.run(Script1542166566185.groovy:63)
	at com.kms.katalon.core.main.ScriptEngine.run(ScriptEngine.java:183)
	at com.kms.katalon.core.main.ScriptEngine.runScriptAsRawText(ScriptEngine.java:108)
	at com.kms.katalon.core.main.TestCaseExecutor.runScript(TestCaseExecutor.java:294)
	at com.kms.katalon.core.main.TestCaseExecutor.doExecute(TestCaseExecutor.java:285)
	at com.kms.katalon.core.main.TestCaseExecutor.processExecutionPhase(TestCaseExecutor.java:264)
	at com.kms.katalon.core.main.TestCaseExecutor.accessMainPhase(TestCaseExecutor.java:256)
	at com.kms.katalon.core.main.TestCaseExecutor.execute(TestCaseExecutor.java:200)
	at com.kms.katalon.core.main.TestSuiteExecutor.accessTestCaseMainPhase(TestSuiteExecutor.java:129)
	at com.kms.katalon.core.main.TestSuiteExecutor.accessTestSuiteMainPhase(TestSuiteExecutor.java:112)
	at com.kms.katalon.core.main.TestSuiteExecutor.execute(TestSuiteExecutor.java:81)
	at com.kms.katalon.core.main.TestCaseMain.startTestSuite(TestCaseMain.java:142)
	at com.kms.katalon.core.main.TestCaseMain$startTestSuite$0.call(Unknown Source)
	at org.codehaus.groovy.runtime.callsite.CallSiteArray.defaultCall(CallSiteArray.java:48)
	at org.codehaus.groovy.runtime.callsite.AbstractCallSite.call(AbstractCallSite.java:113)
	at org.codehaus.groovy.runtime.callsite.AbstractCallSite.call(AbstractCallSite.java:141)
	at TempTestSuite1542868020698.run(TempTestSuite1542868020698.groovy:36)
	at groovy.lang.GroovyShell.runScriptOrMainOrTestOrRunnable(GroovyShell.java:263)
	at groovy.lang.GroovyShell.run(GroovyShell.java:518)
	at groovy.lang.GroovyShell.run(GroovyShell.java:507)
	at groovy.ui.GroovyMain.processOnce(GroovyMain.java:653)
	at groovy.ui.GroovyMain.run(GroovyMain.java:384)
	at groovy.ui.GroovyMain.process(GroovyMain.java:370)
	at groovy.ui.GroovyMain.processArgs(GroovyMain.java:129)
	at groovy.ui.GroovyMain.main(GroovyMain.java:109)
	at sun.reflect.NativeMethodAccessorImpl.invoke0(Native Method)
	at sun.reflect.NativeMethodAccessorImpl.invoke(NativeMethodAccessorImpl.java:62)
	at sun.reflect.DelegatingMethodAccessorImpl.invoke(DelegatingMethodAccessorImpl.java:43)
	at java.lang.reflect.Method.invoke(Method.java:498)
	at org.codehaus.groovy.tools.GroovyStarter.rootLoader(GroovyStarter.java:109)
	at org.codehaus.groovy.tools.GroovyStarter.main(GroovyStarter.java:131)
)]]></system-out>
      <system-err><![CDATA[2018-11-22 14:27:03 - [TEST_SUITE][FAILED] - createMatch: Test Cases/dailyTesting/5.matchCreation/createMatch FAILED because (of) (Stack trace: com.kms.katalon.core.exception.StepFailedException: Verify element text of test object 'Object Repository/dailyTesting/Backoffice/matchCreation/matchManagement/labelMatchNumber' FAILED. (Root cause: Actual text '2' and expected text '1' of test object 'Object Repository/dailyTesting/Backoffice/matchCreation/matchManagement/labelMatchNumber' are NOT matched.)
	at com.kms.katalon.core.keyword.internal.KeywordMain.stepFailed(KeywordMain.groovy:36)
	at com.kms.katalon.core.webui.keyword.internal.WebUIKeywordMain.stepFailed(WebUIKeywordMain.groovy:65)
	at com.kms.katalon.core.webui.keyword.internal.WebUIKeywordMain.runKeyword(WebUIKeywordMain.groovy:27)
	at com.kms.katalon.core.webui.keyword.builtin.VerifyElementTextKeyword.verifyElementText(VerifyElementTextKeyword.groovy:72)
	at com.kms.katalon.core.webui.keyword.builtin.VerifyElementTextKeyword.execute(VerifyElementTextKeyword.groovy:40)
	at com.kms.katalon.core.keyword.internal.KeywordExecutor.executeKeywordForPlatform(KeywordExecutor.groovy:49)
	at com.kms.katalon.core.webui.keyword.WebUiBuiltInKeywords.verifyElementText(WebUiBuiltInKeywords.groovy:3663)
	at com.kms.katalon.core.webui.keyword.WebUiBuiltInKeywords$verifyElementText$10.call(Unknown Source)
	at org.codehaus.groovy.runtime.callsite.CallSiteArray.defaultCall(CallSiteArray.java:48)
	at org.codehaus.groovy.runtime.callsite.AbstractCallSite.call(AbstractCallSite.java:113)
	at org.codehaus.groovy.runtime.callsite.AbstractCallSite.call(AbstractCallSite.java:133)
	at Script1542166566185.run(Script1542166566185.groovy:63)
	at com.kms.katalon.core.main.ScriptEngine.run(ScriptEngine.java:183)
	at com.kms.katalon.core.main.ScriptEngine.runScriptAsRawText(ScriptEngine.java:108)
	at com.kms.katalon.core.main.TestCaseExecutor.runScript(TestCaseExecutor.java:294)
	at com.kms.katalon.core.main.TestCaseExecutor.doExecute(TestCaseExecutor.java:285)
	at com.kms.katalon.core.main.TestCaseExecutor.processExecutionPhase(TestCaseExecutor.java:264)
	at com.kms.katalon.core.main.TestCaseExecutor.accessMainPhase(TestCaseExecutor.java:256)
	at com.kms.katalon.core.main.TestCaseExecutor.execute(TestCaseExecutor.java:200)
	at com.kms.katalon.core.main.TestSuiteExecutor.accessTestCaseMainPhase(TestSuiteExecutor.java:129)
	at com.kms.katalon.core.main.TestSuiteExecutor.accessTestSuiteMainPhase(TestSuiteExecutor.java:112)
	at com.kms.katalon.core.main.TestSuiteExecutor.execute(TestSuiteExecutor.java:81)
	at com.kms.katalon.core.main.TestCaseMain.startTestSuite(TestCaseMain.java:142)
	at com.kms.katalon.core.main.TestCaseMain$startTestSuite$0.call(Unknown Source)
	at org.codehaus.groovy.runtime.callsite.CallSiteArray.defaultCall(CallSiteArray.java:48)
	at org.codehaus.groovy.runtime.callsite.AbstractCallSite.call(AbstractCallSite.java:113)
	at org.codehaus.groovy.runtime.callsite.AbstractCallSite.call(AbstractCallSite.java:141)
	at TempTestSuite1542868020698.run(TempTestSuite1542868020698.groovy:36)
	at groovy.lang.GroovyShell.runScriptOrMainOrTestOrRunnable(GroovyShell.java:263)
	at groovy.lang.GroovyShell.run(GroovyShell.java:518)
	at groovy.lang.GroovyShell.run(GroovyShell.java:507)
	at groovy.ui.GroovyMain.processOnce(GroovyMain.java:653)
	at groovy.ui.GroovyMain.run(GroovyMain.java:384)
	at groovy.ui.GroovyMain.process(GroovyMain.java:370)
	at groovy.ui.GroovyMain.processArgs(GroovyMain.java:129)
	at groovy.ui.GroovyMain.main(GroovyMain.java:109)
	at sun.reflect.NativeMethodAccessorImpl.invoke0(Native Method)
	at sun.reflect.NativeMethodAccessorImpl.invoke(NativeMethodAccessorImpl.java:62)
	at sun.reflect.DelegatingMethodAccessorImpl.invoke(DelegatingMethodAccessorImpl.java:43)
	at java.lang.reflect.Method.invoke(Method.java:498)
	at org.codehaus.groovy.tools.GroovyStarter.rootLoader(GroovyStarter.java:109)
	at org.codehaus.groovy.tools.GroovyStarter.main(GroovyStarter.java:131)
)]]></system-err>
   </testsuite>
</testsuites>
