{"devicePlatform":"","logFolder":"C:\\Users\\ops.02\\git\\UCF\\Reports\\dailyTesting\\5.betting\\submitOneBet\\20181114_172434","runData":{"hostName":"ops.02 - NXT-OPS02.nxtgame.local","os":"Windows 10 64bit","katalonVersion":"5.8.6.1","browser":"Chrome 70.0.3538.102","hostAddress":"172.16.8.115","sessionId":"99867ae4d99743feb2956489f80f769d","seleniumVersion":"3.7.1","proxyInformation":"ProxyInformation{proxyOption\u003dNO_PROXY, proxyServerType\u003dHTTP, password\u003d, proxyServerAddress\u003d, proxyServerPort\u003d0}","platform":"Windows 10"},"type":"TEST_SUITE","name":"submitOneBet","id":"Test Suites/dailyTesting/5.betting/submitOneBet","source":"","message":"Test Cases/dailyTesting/6.betting/submitBet FAILED because (of) (Stack trace: org.codehaus.groovy.control.MultipleCompilationErrorsException: startup failed:\r\nfile:/C:/Users/ops.02/git/UCF/Scripts/dailyTesting/6.betting/submitBet/Script1542166570557.groovy: 18: unable to resolve class TestObjectProperty \n @ line 18, column 6.\r\n   List\u003cTestObjectProperty\u003e properties \u003d new ArrayList\u003cTestObjectProperty\u003e()\r\n        ^\r\n\r\nfile:/C:/Users/ops.02/git/UCF/Scripts/dailyTesting/6.betting/submitBet/Script1542166570557.groovy: 18: unable to resolve class TestObjectProperty \n @ line 18, column 53.\r\n   y\u003e properties \u003d new ArrayList\u003cTestObject\r\n                                 ^\r\n\r\nfile:/C:/Users/ops.02/git/UCF/Scripts/dailyTesting/6.betting/submitBet/Script1542166570557.groovy: 20: unable to resolve class TestObjectProperty \n @ line 20, column 16.\r\n   properties.add(new TestObjectProperty(\u0027tag\u0027, ConditionType.EQUALS, \u0027button\u0027))\r\n                  ^\r\n\r\nfile:/C:/Users/ops.02/git/UCF/Scripts/dailyTesting/6.betting/submitBet/Script1542166570557.groovy: 22: unable to resolve class TestObjectProperty \n @ line 22, column 16.\r\n   properties.add(new TestObjectProperty(\u0027text\u0027, ConditionType.CONTAINS, acronym))\r\n                  ^\r\n\r\n4 errors\r\n\r\n\tat org.codehaus.groovy.control.ErrorCollector.failIfErrors(ErrorCollector.java:310)\r\n\tat org.codehaus.groovy.control.CompilationUnit.applyToSourceUnits(CompilationUnit.java:946)\r\n\tat org.codehaus.groovy.control.CompilationUnit.doPhaseOperation(CompilationUnit.java:593)\r\n\tat org.codehaus.groovy.control.CompilationUnit.compile(CompilationUnit.java:542)\r\n\tat groovy.lang.GroovyClassLoader.doParseClass(GroovyClassLoader.java:298)\r\n\tat groovy.lang.GroovyClassLoader.parseClass(GroovyClassLoader.java:268)\r\n\tat com.kms.katalon.core.main.ScriptEngine.getScript(ScriptEngine.java:188)\r\n\tat com.kms.katalon.core.main.ScriptEngine.run(ScriptEngine.java:183)\r\n\tat com.kms.katalon.core.main.ScriptEngine.runScriptAsRawText(ScriptEngine.java:108)\r\n\tat com.kms.katalon.core.main.TestCaseExecutor.runScript(TestCaseExecutor.java:294)\r\n\tat com.kms.katalon.core.main.TestCaseExecutor.doExecute(TestCaseExecutor.java:285)\r\n\tat com.kms.katalon.core.main.TestCaseExecutor.processExecutionPhase(TestCaseExecutor.java:264)\r\n\tat com.kms.katalon.core.main.TestCaseExecutor.accessMainPhase(TestCaseExecutor.java:256)\r\n\tat com.kms.katalon.core.main.TestCaseExecutor.execute(TestCaseExecutor.java:200)\r\n\tat com.kms.katalon.core.main.TestSuiteExecutor.accessTestCaseMainPhase(TestSuiteExecutor.java:129)\r\n\tat com.kms.katalon.core.main.TestSuiteExecutor.accessTestSuiteMainPhase(TestSuiteExecutor.java:112)\r\n\tat com.kms.katalon.core.main.TestSuiteExecutor.execute(TestSuiteExecutor.java:81)\r\n\tat com.kms.katalon.core.main.TestCaseMain.startTestSuite(TestCaseMain.java:142)\r\n\tat com.kms.katalon.core.main.TestCaseMain$startTestSuite$0.call(Unknown Source)\r\n\tat org.codehaus.groovy.runtime.callsite.CallSiteArray.defaultCall(CallSiteArray.java:48)\r\n\tat org.codehaus.groovy.runtime.callsite.AbstractCallSite.call(AbstractCallSite.java:113)\r\n\tat org.codehaus.groovy.runtime.callsite.AbstractCallSite.call(AbstractCallSite.java:141)\r\n\tat TempTestSuite1542187474671.run(TempTestSuite1542187474671.groovy:36)\r\n\tat groovy.lang.GroovyShell.runScriptOrMainOrTestOrRunnable(GroovyShell.java:263)\r\n\tat groovy.lang.GroovyShell.run(GroovyShell.java:518)\r\n\tat groovy.lang.GroovyShell.run(GroovyShell.java:507)\r\n\tat groovy.ui.GroovyMain.processOnce(GroovyMain.java:653)\r\n\tat groovy.ui.GroovyMain.run(GroovyMain.java:384)\r\n\tat groovy.ui.GroovyMain.process(GroovyMain.java:370)\r\n\tat groovy.ui.GroovyMain.processArgs(GroovyMain.java:129)\r\n\tat groovy.ui.GroovyMain.main(GroovyMain.java:109)\r\n\tat sun.reflect.NativeMethodAccessorImpl.invoke0(Native Method)\r\n\tat sun.reflect.NativeMethodAccessorImpl.invoke(NativeMethodAccessorImpl.java:62)\r\n\tat sun.reflect.DelegatingMethodAccessorImpl.invoke(DelegatingMethodAccessorImpl.java:43)\r\n\tat java.lang.reflect.Method.invoke(Method.java:498)\r\n\tat org.codehaus.groovy.tools.GroovyStarter.rootLoader(GroovyStarter.java:109)\r\n\tat org.codehaus.groovy.tools.GroovyStarter.main(GroovyStarter.java:131)\r\n)","description":"","startTime":1542187476239,"endTime":1542187493586,"childRecords":[{"isOptional":false,"type":"TEST_CASE","name":"Test Cases/dailyTesting/2.login/openBrowserFrontend","id":"Test Cases/dailyTesting/2.login/openBrowserFrontend","source":"C:\\\\Users\\\\ops.02\\\\git\\\\UCF\\\\Test Cases\\\\dailyTesting\\\\2.login\\\\openBrowserFrontend.tc","message":"Test Cases/dailyTesting/2.login/openBrowserFrontend","description":"","startTime":1542187476548,"endTime":1542187483504,"childRecords":[{"testStatus":{"stackTrace":"","statusValue":"INFO"},"type":"MESSAGE","name":"","message":"Evaluating variables for test case","startTime":1542187476566,"endTime":0,"childRecords":[],"interuppted":false},{"index":1,"isIgnoredIfFailed":false,"type":"TEST_STEP","name":"frontend.openBrowserFrontend.openbrowserFrontend","message":"frontend.openBrowserFrontend.openbrowserFrontend is PASSED","description":"","startTime":1542187476816,"endTime":1542187483503,"childRecords":[{"testStatus":{"stackTrace":"","statusValue":"PASSED"},"type":"MESSAGE","name":"","message":"Browser is opened with url: \u0027\u0027","startTime":1542187480082,"endTime":0,"childRecords":[],"interuppted":false},{"testStatus":{"stackTrace":"","statusValue":"PASSED"},"type":"MESSAGE","name":"","message":"Current window maximized","startTime":1542187481255,"endTime":0,"childRecords":[],"interuppted":false},{"testStatus":{"stackTrace":"","statusValue":"PASSED"},"type":"MESSAGE","name":"","message":"Navigate to \u0027http://dev-operator.ucf88.com/#/\u0027 successfully","startTime":1542187483502,"endTime":0,"childRecords":[],"interuppted":false},{"testStatus":{"stackTrace":"","statusValue":"PASSED"},"type":"MESSAGE","name":"","message":"frontend.openBrowserFrontend.openbrowserFrontend is PASSED","startTime":1542187483503,"endTime":0,"childRecords":[],"interuppted":false}],"interuppted":false},{"testStatus":{"stackTrace":"","statusValue":"PASSED"},"type":"MESSAGE","name":"","message":"Test Cases/dailyTesting/2.login/openBrowserFrontend","startTime":1542187483503,"endTime":0,"childRecords":[],"interuppted":false}],"interuppted":false},{"isOptional":false,"type":"TEST_CASE","name":"Test Cases/dailyTesting/2.login/frontendLogin","id":"Test Cases/dailyTesting/2.login/frontendLogin","source":"C:\\\\Users\\\\ops.02\\\\git\\\\UCF\\\\Test Cases\\\\dailyTesting\\\\2.login\\\\frontendLogin.tc","message":"Test Cases/dailyTesting/2.login/frontendLogin","description":"","startTime":1542187483506,"endTime":1542187492565,"childRecords":[{"testStatus":{"stackTrace":"","statusValue":"INFO"},"type":"MESSAGE","name":"","message":"Evaluating variables for test case","startTime":1542187483518,"endTime":0,"childRecords":[],"interuppted":false},{"testStatus":{"stackTrace":"","statusValue":"INFO"},"type":"MESSAGE","name":"","message":"Variable \u0027username\u0027 is set to dailyTest","startTime":1542187483519,"endTime":0,"childRecords":[],"interuppted":false},{"testStatus":{"stackTrace":"","statusValue":"INFO"},"type":"MESSAGE","name":"","message":"Variable \u0027password\u0027 is set to 123123","startTime":1542187483519,"endTime":0,"childRecords":[],"interuppted":false},{"index":1,"isIgnoredIfFailed":false,"type":"TEST_STEP","name":"setText","message":"Text \u0027dailyTest\u0027 is set on object \u0027Object Repository/Frontend/Login/OperatorFrontendLogin/input_Login_username\u0027","description":"","startTime":1542187483695,"endTime":1542187483890,"childRecords":[{"testStatus":{"stackTrace":"","statusValue":"PASSED"},"type":"MESSAGE","name":"","message":"Text \u0027dailyTest\u0027 is set on object \u0027Object Repository/Frontend/Login/OperatorFrontendLogin/input_Login_username\u0027","startTime":1542187483889,"endTime":0,"childRecords":[],"interuppted":false}],"interuppted":false},{"index":2,"isIgnoredIfFailed":false,"type":"TEST_STEP","name":"setText","message":"Text \u0027123123\u0027 is set on object \u0027Object Repository/Frontend/Login/OperatorFrontendLogin/input_Login_password\u0027","description":"","startTime":1542187483890,"endTime":1542187484059,"childRecords":[{"testStatus":{"stackTrace":"","statusValue":"PASSED"},"type":"MESSAGE","name":"","message":"Text \u0027123123\u0027 is set on object \u0027Object Repository/Frontend/Login/OperatorFrontendLogin/input_Login_password\u0027","startTime":1542187484058,"endTime":0,"childRecords":[],"interuppted":false}],"interuppted":false},{"index":3,"isIgnoredIfFailed":false,"type":"TEST_STEP","name":"delay","message":"Delayed 2 second(s)","description":"","startTime":1542187484059,"endTime":1542187486077,"childRecords":[{"testStatus":{"stackTrace":"","statusValue":"PASSED"},"type":"MESSAGE","name":"","message":"Delayed 2 second(s)","startTime":1542187486075,"endTime":0,"childRecords":[],"interuppted":false}],"interuppted":false},{"index":4,"isIgnoredIfFailed":false,"type":"TEST_STEP","name":"click","message":"Object: \u0027Object Repository/Frontend/Login/OperatorFrontendLogin/button_Login\u0027 is clicked on","description":"","startTime":1542187486077,"endTime":1542187486198,"childRecords":[{"testStatus":{"stackTrace":"","statusValue":"PASSED"},"type":"MESSAGE","name":"","message":"Object: \u0027Object Repository/Frontend/Login/OperatorFrontendLogin/button_Login\u0027 is clicked on","startTime":1542187486197,"endTime":0,"childRecords":[],"interuppted":false}],"interuppted":false},{"index":5,"isIgnoredIfFailed":false,"type":"TEST_STEP","name":"waitForElementPresent","message":"Object \u0027Object Repository/dailyTesting/Frontend/login/span_Logout\u0027 is present","description":"","startTime":1542187486198,"endTime":1542187487562,"childRecords":[{"testStatus":{"stackTrace":"","statusValue":"PASSED"},"type":"MESSAGE","name":"","message":"Object \u0027Object Repository/dailyTesting/Frontend/login/span_Logout\u0027 is present","startTime":1542187487562,"endTime":0,"childRecords":[],"interuppted":false}],"interuppted":false},{"index":6,"isIgnoredIfFailed":false,"type":"TEST_STEP","name":"delay","message":"Delayed 5 second(s)","description":"","startTime":1542187487563,"endTime":1542187492564,"childRecords":[{"testStatus":{"stackTrace":"","statusValue":"PASSED"},"type":"MESSAGE","name":"","message":"Delayed 5 second(s)","startTime":1542187492564,"endTime":0,"childRecords":[],"interuppted":false}],"interuppted":false},{"testStatus":{"stackTrace":"","statusValue":"PASSED"},"type":"MESSAGE","name":"","message":"Test Cases/dailyTesting/2.login/frontendLogin","startTime":1542187492565,"endTime":0,"childRecords":[],"interuppted":false}],"interuppted":false},{"isOptional":false,"type":"TEST_CASE","name":"Test Cases/dailyTesting/6.betting/submitBet","id":"Test Cases/dailyTesting/6.betting/submitBet","source":"C:\\\\Users\\\\ops.02\\\\git\\\\UCF\\\\Test Cases\\\\dailyTesting\\\\6.betting\\\\submitBet.tc","message":"Test Cases/dailyTesting/6.betting/submitBet FAILED because (of) (Stack trace: org.codehaus.groovy.control.MultipleCompilationErrorsException: startup failed:\r\nfile:/C:/Users/ops.02/git/UCF/Scripts/dailyTesting/6.betting/submitBet/Script1542166570557.groovy: 18: unable to resolve class TestObjectProperty \n @ line 18, column 6.\r\n   List\u003cTestObjectProperty\u003e properties \u003d new ArrayList\u003cTestObjectProperty\u003e()\r\n        ^\r\n\r\nfile:/C:/Users/ops.02/git/UCF/Scripts/dailyTesting/6.betting/submitBet/Script1542166570557.groovy: 18: unable to resolve class TestObjectProperty \n @ line 18, column 53.\r\n   y\u003e properties \u003d new ArrayList\u003cTestObject\r\n                                 ^\r\n\r\nfile:/C:/Users/ops.02/git/UCF/Scripts/dailyTesting/6.betting/submitBet/Script1542166570557.groovy: 20: unable to resolve class TestObjectProperty \n @ line 20, column 16.\r\n   properties.add(new TestObjectProperty(\u0027tag\u0027, ConditionType.EQUALS, \u0027button\u0027))\r\n                  ^\r\n\r\nfile:/C:/Users/ops.02/git/UCF/Scripts/dailyTesting/6.betting/submitBet/Script1542166570557.groovy: 22: unable to resolve class TestObjectProperty \n @ line 22, column 16.\r\n   properties.add(new TestObjectProperty(\u0027text\u0027, ConditionType.CONTAINS, acronym))\r\n                  ^\r\n\r\n4 errors\r\n\r\n\tat org.codehaus.groovy.control.ErrorCollector.failIfErrors(ErrorCollector.java:310)\r\n\tat org.codehaus.groovy.control.CompilationUnit.applyToSourceUnits(CompilationUnit.java:946)\r\n\tat org.codehaus.groovy.control.CompilationUnit.doPhaseOperation(CompilationUnit.java:593)\r\n\tat org.codehaus.groovy.control.CompilationUnit.compile(CompilationUnit.java:542)\r\n\tat groovy.lang.GroovyClassLoader.doParseClass(GroovyClassLoader.java:298)\r\n\tat groovy.lang.GroovyClassLoader.parseClass(GroovyClassLoader.java:268)\r\n\tat com.kms.katalon.core.main.ScriptEngine.getScript(ScriptEngine.java:188)\r\n\tat com.kms.katalon.core.main.ScriptEngine.run(ScriptEngine.java:183)\r\n\tat com.kms.katalon.core.main.ScriptEngine.runScriptAsRawText(ScriptEngine.java:108)\r\n\tat com.kms.katalon.core.main.TestCaseExecutor.runScript(TestCaseExecutor.java:294)\r\n\tat com.kms.katalon.core.main.TestCaseExecutor.doExecute(TestCaseExecutor.java:285)\r\n\tat com.kms.katalon.core.main.TestCaseExecutor.processExecutionPhase(TestCaseExecutor.java:264)\r\n\tat com.kms.katalon.core.main.TestCaseExecutor.accessMainPhase(TestCaseExecutor.java:256)\r\n\tat com.kms.katalon.core.main.TestCaseExecutor.execute(TestCaseExecutor.java:200)\r\n\tat com.kms.katalon.core.main.TestSuiteExecutor.accessTestCaseMainPhase(TestSuiteExecutor.java:129)\r\n\tat com.kms.katalon.core.main.TestSuiteExecutor.accessTestSuiteMainPhase(TestSuiteExecutor.java:112)\r\n\tat com.kms.katalon.core.main.TestSuiteExecutor.execute(TestSuiteExecutor.java:81)\r\n\tat com.kms.katalon.core.main.TestCaseMain.startTestSuite(TestCaseMain.java:142)\r\n\tat com.kms.katalon.core.main.TestCaseMain$startTestSuite$0.call(Unknown Source)\r\n\tat org.codehaus.groovy.runtime.callsite.CallSiteArray.defaultCall(CallSiteArray.java:48)\r\n\tat org.codehaus.groovy.runtime.callsite.AbstractCallSite.call(AbstractCallSite.java:113)\r\n\tat org.codehaus.groovy.runtime.callsite.AbstractCallSite.call(AbstractCallSite.java:141)\r\n\tat TempTestSuite1542187474671.run(TempTestSuite1542187474671.groovy:36)\r\n\tat groovy.lang.GroovyShell.runScriptOrMainOrTestOrRunnable(GroovyShell.java:263)\r\n\tat groovy.lang.GroovyShell.run(GroovyShell.java:518)\r\n\tat groovy.lang.GroovyShell.run(GroovyShell.java:507)\r\n\tat groovy.ui.GroovyMain.processOnce(GroovyMain.java:653)\r\n\tat groovy.ui.GroovyMain.run(GroovyMain.java:384)\r\n\tat groovy.ui.GroovyMain.process(GroovyMain.java:370)\r\n\tat groovy.ui.GroovyMain.processArgs(GroovyMain.java:129)\r\n\tat groovy.ui.GroovyMain.main(GroovyMain.java:109)\r\n\tat sun.reflect.NativeMethodAccessorImpl.invoke0(Native Method)\r\n\tat sun.reflect.NativeMethodAccessorImpl.invoke(NativeMethodAccessorImpl.java:62)\r\n\tat sun.reflect.DelegatingMethodAccessorImpl.invoke(DelegatingMethodAccessorImpl.java:43)\r\n\tat java.lang.reflect.Method.invoke(Method.java:498)\r\n\tat org.codehaus.groovy.tools.GroovyStarter.rootLoader(GroovyStarter.java:109)\r\n\tat org.codehaus.groovy.tools.GroovyStarter.main(GroovyStarter.java:131)\r\n)","description":"","startTime":1542187492570,"endTime":1542187492752,"childRecords":[{"testStatus":{"stackTrace":"","statusValue":"INFO"},"type":"MESSAGE","name":"","message":"Evaluating variables for test case","startTime":1542187492582,"endTime":0,"childRecords":[],"interuppted":false},{"testStatus":{"stackTrace":"","statusValue":"INFO"},"type":"MESSAGE","name":"","message":"Variable \u0027acronym\u0027 is set to Day","startTime":1542187492582,"endTime":0,"childRecords":[],"interuppted":false},{"testStatus":{"stackTrace":"","statusValue":"ERROR"},"type":"MESSAGE","name":"","message":"Test Cases/dailyTesting/6.betting/submitBet FAILED because (of) (Stack trace: org.codehaus.groovy.control.MultipleCompilationErrorsException: startup failed:\r\nfile:/C:/Users/ops.02/git/UCF/Scripts/dailyTesting/6.betting/submitBet/Script1542166570557.groovy: 18: unable to resolve class TestObjectProperty \n @ line 18, column 6.\r\n   List\u003cTestObjectProperty\u003e properties \u003d new ArrayList\u003cTestObjectProperty\u003e()\r\n        ^\r\n\r\nfile:/C:/Users/ops.02/git/UCF/Scripts/dailyTesting/6.betting/submitBet/Script1542166570557.groovy: 18: unable to resolve class TestObjectProperty \n @ line 18, column 53.\r\n   y\u003e properties \u003d new ArrayList\u003cTestObject\r\n                                 ^\r\n\r\nfile:/C:/Users/ops.02/git/UCF/Scripts/dailyTesting/6.betting/submitBet/Script1542166570557.groovy: 20: unable to resolve class TestObjectProperty \n @ line 20, column 16.\r\n   properties.add(new TestObjectProperty(\u0027tag\u0027, ConditionType.EQUALS, \u0027button\u0027))\r\n                  ^\r\n\r\nfile:/C:/Users/ops.02/git/UCF/Scripts/dailyTesting/6.betting/submitBet/Script1542166570557.groovy: 22: unable to resolve class TestObjectProperty \n @ line 22, column 16.\r\n   properties.add(new TestObjectProperty(\u0027text\u0027, ConditionType.CONTAINS, acronym))\r\n                  ^\r\n\r\n4 errors\r\n\r\n\tat org.codehaus.groovy.control.ErrorCollector.failIfErrors(ErrorCollector.java:310)\r\n\tat org.codehaus.groovy.control.CompilationUnit.applyToSourceUnits(CompilationUnit.java:946)\r\n\tat org.codehaus.groovy.control.CompilationUnit.doPhaseOperation(CompilationUnit.java:593)\r\n\tat org.codehaus.groovy.control.CompilationUnit.compile(CompilationUnit.java:542)\r\n\tat groovy.lang.GroovyClassLoader.doParseClass(GroovyClassLoader.java:298)\r\n\tat groovy.lang.GroovyClassLoader.parseClass(GroovyClassLoader.java:268)\r\n\tat com.kms.katalon.core.main.ScriptEngine.getScript(ScriptEngine.java:188)\r\n\tat com.kms.katalon.core.main.ScriptEngine.run(ScriptEngine.java:183)\r\n\tat com.kms.katalon.core.main.ScriptEngine.runScriptAsRawText(ScriptEngine.java:108)\r\n\tat com.kms.katalon.core.main.TestCaseExecutor.runScript(TestCaseExecutor.java:294)\r\n\tat com.kms.katalon.core.main.TestCaseExecutor.doExecute(TestCaseExecutor.java:285)\r\n\tat com.kms.katalon.core.main.TestCaseExecutor.processExecutionPhase(TestCaseExecutor.java:264)\r\n\tat com.kms.katalon.core.main.TestCaseExecutor.accessMainPhase(TestCaseExecutor.java:256)\r\n\tat com.kms.katalon.core.main.TestCaseExecutor.execute(TestCaseExecutor.java:200)\r\n\tat com.kms.katalon.core.main.TestSuiteExecutor.accessTestCaseMainPhase(TestSuiteExecutor.java:129)\r\n\tat com.kms.katalon.core.main.TestSuiteExecutor.accessTestSuiteMainPhase(TestSuiteExecutor.java:112)\r\n\tat com.kms.katalon.core.main.TestSuiteExecutor.execute(TestSuiteExecutor.java:81)\r\n\tat com.kms.katalon.core.main.TestCaseMain.startTestSuite(TestCaseMain.java:142)\r\n\tat com.kms.katalon.core.main.TestCaseMain$startTestSuite$0.call(Unknown Source)\r\n\tat org.codehaus.groovy.runtime.callsite.CallSiteArray.defaultCall(CallSiteArray.java:48)\r\n\tat org.codehaus.groovy.runtime.callsite.AbstractCallSite.call(AbstractCallSite.java:113)\r\n\tat org.codehaus.groovy.runtime.callsite.AbstractCallSite.call(AbstractCallSite.java:141)\r\n\tat TempTestSuite1542187474671.run(TempTestSuite1542187474671.groovy:36)\r\n\tat groovy.lang.GroovyShell.runScriptOrMainOrTestOrRunnable(GroovyShell.java:263)\r\n\tat groovy.lang.GroovyShell.run(GroovyShell.java:518)\r\n\tat groovy.lang.GroovyShell.run(GroovyShell.java:507)\r\n\tat groovy.ui.GroovyMain.processOnce(GroovyMain.java:653)\r\n\tat groovy.ui.GroovyMain.run(GroovyMain.java:384)\r\n\tat groovy.ui.GroovyMain.process(GroovyMain.java:370)\r\n\tat groovy.ui.GroovyMain.processArgs(GroovyMain.java:129)\r\n\tat groovy.ui.GroovyMain.main(GroovyMain.java:109)\r\n\tat sun.reflect.NativeMethodAccessorImpl.invoke0(Native Method)\r\n\tat sun.reflect.NativeMethodAccessorImpl.invoke(NativeMethodAccessorImpl.java:62)\r\n\tat sun.reflect.DelegatingMethodAccessorImpl.invoke(DelegatingMethodAccessorImpl.java:43)\r\n\tat java.lang.reflect.Method.invoke(Method.java:498)\r\n\tat org.codehaus.groovy.tools.GroovyStarter.rootLoader(GroovyStarter.java:109)\r\n\tat org.codehaus.groovy.tools.GroovyStarter.main(GroovyStarter.java:131)\r\n)","startTime":1542187492748,"endTime":0,"childRecords":[],"interuppted":false}],"interuppted":false}],"interuppted":false}